<?xml version="1.0" encoding="UTF-8"?>
<!-- Generated by org.testng.reporters.JUnitReportReporter -->
<testsuite hostname="WIN-SUDGB84AQQS" failures="0" tests="2" name="graph.tests.GrapghQlTest" time="7.349" errors="0" timestamp="2024-02-27T12:57:23 IST" skipped="0">
  <testcase classname="graph.tests.GrapghQlTest" name="mutation" time="6.952"/>
  <testcase classname="graph.tests.GrapghQlTest" name="query" time="0.397"/>
</testsuite> <!-- graph.tests.GrapghQlTest -->
