<?xml version="1.0" encoding="UTF-8"?>
<!-- Generated by org.testng.reporters.JUnitReportReporter -->
<testsuite hostname="WIN-SUDGB84AQQS" failures="0" tests="2" name="graph.tests.GrapghQlTests" time="7.741" errors="0" timestamp="2024-02-26T21:53:44 IST" skipped="0">
  <testcase classname="graph.tests.GrapghQlTests" name="mutation" time="7.382"/>
  <testcase classname="graph.tests.GrapghQlTests" name="query" time="0.359"/>
</testsuite> <!-- graph.tests.GrapghQlTests -->
